20220718 15:45:32 INFO  [main] coolstore.CoolStore CoolStore.java37 - Welcome to CoolStore Inventory and Order Management System
20220718 15:45:32 INFO  [main] coolstore.CoolStore CoolStore.java42 - Which entity would you like to use?
20220718 15:45:32 INFO  [main] controls.Table Table.java28 - CUSTOMERS - Add, remove, update, and view all customers in the database
20220718 15:45:32 INFO  [main] controls.Table Table.java28 - ITEMS - Add, remove, update, and view all items sold
20220718 15:45:32 INFO  [main] controls.Table Table.java28 - ORDERS - Add, remove, update, cost, and delete all placed orders
20220718 15:45:32 INFO  [main] controls.Table Table.java28 - STOP - To exit the system
20220718 15:45:34 INFO  [main] coolstore.CoolStore CoolStore.java73 - What would you like to do with customers:
20220718 15:45:34 INFO  [main] controls.Action Action.java25 - ADD - Create a new entry
20220718 15:45:34 INFO  [main] controls.Action Action.java25 - UPDATE - Change an existing entry
20220718 15:45:34 INFO  [main] controls.Action Action.java25 - DELETE - Remove an entry
20220718 15:45:34 INFO  [main] controls.Action Action.java25 - VIEW - View all entries
20220718 15:45:34 INFO  [main] controls.Action Action.java25 - RETURN - Exit the system
20220718 15:45:37 INFO  [main] coolstore.CoolStore CoolStore.java73 - What would you like to do with customers:
20220718 15:45:37 INFO  [main] controls.Action Action.java25 - ADD - Create a new entry
20220718 15:45:37 INFO  [main] controls.Action Action.java25 - UPDATE - Change an existing entry
20220718 15:45:37 INFO  [main] controls.Action Action.java25 - DELETE - Remove an entry
20220718 15:45:37 INFO  [main] controls.Action Action.java25 - VIEW - View all entries
20220718 15:45:37 INFO  [main] controls.Action Action.java25 - RETURN - Exit the system
20220718 15:45:42 INFO  [main] controls.CRUDCustomer CRUDCustomer.java30 - Please enter a first name
20220718 15:45:43 INFO  [main] controls.CRUDCustomer CRUDCustomer.java32 - Please enter a surname
20220718 15:45:45 INFO  [main] controls.CRUDCustomer CRUDCustomer.java35 - Customer created
20220718 15:45:45 INFO  [main] coolstore.CoolStore CoolStore.java73 - What would you like to do with customers:
20220718 15:45:45 INFO  [main] controls.Action Action.java25 - ADD - Create a new entry
20220718 15:45:45 INFO  [main] controls.Action Action.java25 - UPDATE - Change an existing entry
20220718 15:45:45 INFO  [main] controls.Action Action.java25 - DELETE - Remove an entry
20220718 15:45:46 INFO  [main] controls.Action Action.java25 - VIEW - View all entries
20220718 15:45:46 INFO  [main] controls.Action Action.java25 - RETURN - Exit the system
20220718 15:45:50 INFO  [main] controls.CRUDCustomer CRUDCustomer.java43 - com.qa.objects.Customer@39a37790
20220718 15:45:50 INFO  [main] coolstore.CoolStore CoolStore.java73 - What would you like to do with customers:
20220718 15:45:50 INFO  [main] controls.Action Action.java25 - ADD - Create a new entry
20220718 15:45:50 INFO  [main] controls.Action Action.java25 - UPDATE - Change an existing entry
20220718 15:45:50 INFO  [main] controls.Action Action.java25 - DELETE - Remove an entry
20220718 15:45:50 INFO  [main] controls.Action Action.java25 - VIEW - View all entries
20220718 15:45:50 INFO  [main] controls.Action Action.java25 - RETURN - Exit the system
20220718 15:45:56 INFO  [main] coolstore.CoolStore CoolStore.java42 - Which entity would you like to use?
20220718 15:45:56 INFO  [main] controls.Table Table.java28 - CUSTOMERS - Add, remove, update, and view all customers in the database
20220718 15:45:56 INFO  [main] controls.Table Table.java28 - ITEMS - Add, remove, update, and view all items sold
20220718 15:45:56 INFO  [main] controls.Table Table.java28 - ORDERS - Add, remove, update, cost, and delete all placed orders
20220718 15:45:56 INFO  [main] controls.Table Table.java28 - STOP - To exit the system
20220718 15:45:59 INFO  [main] coolstore.CoolStore CoolStore.java73 - What would you like to do with items:
20220718 15:45:59 INFO  [main] controls.Action Action.java25 - ADD - Create a new entry
20220718 15:45:59 INFO  [main] controls.Action Action.java25 - UPDATE - Change an existing entry
20220718 15:45:59 INFO  [main] controls.Action Action.java25 - DELETE - Remove an entry
20220718 15:45:59 INFO  [main] controls.Action Action.java25 - VIEW - View all entries
20220718 15:45:59 INFO  [main] controls.Action Action.java25 - RETURN - Exit the system
