20220722 15:05:02 INFO  [main] controller.CustomerController CustomerController.java36 - id:1 first name:jordan surname:harrison
20220722 15:05:02 INFO  [main] controller.CustomerController CustomerController.java46 - Please enter a first name
20220722 15:05:02 INFO  [main] controller.CustomerController CustomerController.java48 - Please enter a surname
20220722 15:05:02 INFO  [main] controller.CustomerController CustomerController.java51 - Customer created
20220722 15:05:02 INFO  [main] controller.CustomerController CustomerController.java78 - Please enter the id of the customer you would like to delete
20220722 15:05:02 INFO  [main] controller.CustomerController CustomerController.java60 - Please enter the id of the customer you would like to update
20220722 15:05:02 INFO  [main] controller.CustomerController CustomerController.java62 - Please enter a first name
20220722 15:05:02 INFO  [main] controller.CustomerController CustomerController.java64 - Please enter a surname
20220722 15:05:02 INFO  [main] controller.CustomerController CustomerController.java67 - Customer Updated
20220722 15:05:03 INFO  [main] controller.ItemController ItemController.java31 - id: 1 product: cheese cost: 2.49
20220722 15:05:03 INFO  [main] controller.ItemController ItemController.java41 - Please the product name
20220722 15:05:03 INFO  [main] controller.ItemController ItemController.java43 - Please enter the product cost
20220722 15:05:03 INFO  [main] controller.ItemController ItemController.java46 - Product created
20220722 15:05:03 INFO  [main] controller.ItemController ItemController.java73 - Please enter the id of the product you would like to delete
20220722 15:05:03 INFO  [main] controller.ItemController ItemController.java55 - Please enter the id of the item you would like to update
20220722 15:05:03 INFO  [main] controller.ItemController ItemController.java57 - Please enter the name
20220722 15:05:03 INFO  [main] controller.ItemController ItemController.java59 - Please enter the value
20220722 15:05:03 INFO  [main] controller.ItemController ItemController.java62 - Product Updated
20220722 15:05:03 INFO  [main] controller.OrderController OrderController.java29 - id: null customer: 1 item: 1 quantity: 2 transaction: 1
20220722 15:05:03 INFO  [main] controller.OrderController OrderController.java36 - Please the ID of the customer who placed the order
20220722 15:05:03 INFO  [main] controller.OrderController OrderController.java38 - Please enter the ID for the first product
20220722 15:05:03 INFO  [main] controller.OrderController OrderController.java40 - Please enter the quantity purchased
20220722 15:05:03 INFO  [main] controller.OrderController OrderController.java42 - Please enter the reference for the transaction this purchase relates to
20220722 15:05:03 INFO  [main] controller.OrderController OrderController.java45 - Order created
20220722 15:05:03 INFO  [main] controller.OrderController OrderController.java68 - Please enter the id of the order you would like to delete
20220722 15:05:03 INFO  [main] controller.OrderController OrderController.java51 - Please the ID of the order you wish to update
20220722 15:05:03 INFO  [main] controller.OrderController OrderController.java53 - Please the ID of the customer who placed the order
20220722 15:05:03 INFO  [main] controller.OrderController OrderController.java55 - Please enter the ID for the first product
20220722 15:05:03 INFO  [main] controller.OrderController OrderController.java57 - Please enter the quantity purchased
20220722 15:05:03 INFO  [main] controller.OrderController OrderController.java59 - Please enter the reference for the transaction this purchase relates to
20220722 15:05:03 INFO  [main] controller.OrderController OrderController.java62 - Order updated
20220722 15:05:05 DEBUG [main] utils.DBUtils DBUtils.java67 - java.sql.SQLException: The server time zone value 'GMT Summer Time' is unrecognized or represents more than one time zone. You must configure either the server or JDBC driver (via the 'serverTimezone' configuration property) to use a more specifc time zone value if you want to utilize time zone support.
20220722 15:05:05 DEBUG [main] utils.DBUtils DBUtils.java67 - java.sql.SQLException: The server time zone value 'GMT Summer Time' is unrecognized or represents more than one time zone. You must configure either the server or JDBC driver (via the 'serverTimezone' configuration property) to use a more specifc time zone value if you want to utilize time zone support.
20220722 15:05:05 DEBUG [main] dao.CustomerDAO CustomerDAO.java60 - java.sql.SQLException: The server time zone value 'GMT Summer Time' is unrecognized or represents more than one time zone. You must configure either the server or JDBC driver (via the 'serverTimezone' configuration property) to use a more specifc time zone value if you want to utilize time zone support.
20220722 15:05:05 ERROR [main] dao.CustomerDAO CustomerDAO.java61 - The server time zone value 'GMT Summer Time' is unrecognized or represents more than one time zone. You must configure either the server or JDBC driver (via the 'serverTimezone' configuration property) to use a more specifc time zone value if you want to utilize time zone support.
20220722 15:05:05 DEBUG [main] utils.DBUtils DBUtils.java67 - java.sql.SQLException: The server time zone value 'GMT Summer Time' is unrecognized or represents more than one time zone. You must configure either the server or JDBC driver (via the 'serverTimezone' configuration property) to use a more specifc time zone value if you want to utilize time zone support.
20220722 15:05:05 DEBUG [main] utils.DBUtils DBUtils.java67 - java.sql.SQLException: The server time zone value 'GMT Summer Time' is unrecognized or represents more than one time zone. You must configure either the server or JDBC driver (via the 'serverTimezone' configuration property) to use a more specifc time zone value if you want to utilize time zone support.
20220722 15:05:05 DEBUG [main] dao.CustomerDAO CustomerDAO.java94 - java.sql.SQLException: The server time zone value 'GMT Summer Time' is unrecognized or represents more than one time zone. You must configure either the server or JDBC driver (via the 'serverTimezone' configuration property) to use a more specifc time zone value if you want to utilize time zone support.
20220722 15:05:05 ERROR [main] dao.CustomerDAO CustomerDAO.java95 - The server time zone value 'GMT Summer Time' is unrecognized or represents more than one time zone. You must configure either the server or JDBC driver (via the 'serverTimezone' configuration property) to use a more specifc time zone value if you want to utilize time zone support.
20220722 15:05:05 DEBUG [main] utils.DBUtils DBUtils.java67 - java.sql.SQLException: The server time zone value 'GMT Summer Time' is unrecognized or represents more than one time zone. You must configure either the server or JDBC driver (via the 'serverTimezone' configuration property) to use a more specifc time zone value if you want to utilize time zone support.
20220722 15:05:05 DEBUG [main] utils.DBUtils DBUtils.java67 - java.sql.SQLException: The server time zone value 'GMT Summer Time' is unrecognized or represents more than one time zone. You must configure either the server or JDBC driver (via the 'serverTimezone' configuration property) to use a more specifc time zone value if you want to utilize time zone support.
20220722 15:05:05 DEBUG [main] dao.CustomerDAO CustomerDAO.java47 - java.sql.SQLException: The server time zone value 'GMT Summer Time' is unrecognized or represents more than one time zone. You must configure either the server or JDBC driver (via the 'serverTimezone' configuration property) to use a more specifc time zone value if you want to utilize time zone support.
20220722 15:05:05 ERROR [main] dao.CustomerDAO CustomerDAO.java48 - The server time zone value 'GMT Summer Time' is unrecognized or represents more than one time zone. You must configure either the server or JDBC driver (via the 'serverTimezone' configuration property) to use a more specifc time zone value if you want to utilize time zone support.
20220722 15:05:05 DEBUG [main] utils.DBUtils DBUtils.java67 - java.sql.SQLException: The server time zone value 'GMT Summer Time' is unrecognized or represents more than one time zone. You must configure either the server or JDBC driver (via the 'serverTimezone' configuration property) to use a more specifc time zone value if you want to utilize time zone support.
20220722 15:05:05 DEBUG [main] utils.DBUtils DBUtils.java67 - java.sql.SQLException: The server time zone value 'GMT Summer Time' is unrecognized or represents more than one time zone. You must configure either the server or JDBC driver (via the 'serverTimezone' configuration property) to use a more specifc time zone value if you want to utilize time zone support.
20220722 15:05:05 DEBUG [main] dao.CustomerDAO CustomerDAO.java77 - java.sql.SQLException: The server time zone value 'GMT Summer Time' is unrecognized or represents more than one time zone. You must configure either the server or JDBC driver (via the 'serverTimezone' configuration property) to use a more specifc time zone value if you want to utilize time zone support.
20220722 15:05:05 ERROR [main] dao.CustomerDAO CustomerDAO.java78 - The server time zone value 'GMT Summer Time' is unrecognized or represents more than one time zone. You must configure either the server or JDBC driver (via the 'serverTimezone' configuration property) to use a more specifc time zone value if you want to utilize time zone support.
20220722 15:05:05 DEBUG [main] utils.DBUtils DBUtils.java67 - java.sql.SQLException: The server time zone value 'GMT Summer Time' is unrecognized or represents more than one time zone. You must configure either the server or JDBC driver (via the 'serverTimezone' configuration property) to use a more specifc time zone value if you want to utilize time zone support.
20220722 15:05:05 DEBUG [main] utils.DBUtils DBUtils.java67 - java.sql.SQLException: The server time zone value 'GMT Summer Time' is unrecognized or represents more than one time zone. You must configure either the server or JDBC driver (via the 'serverTimezone' configuration property) to use a more specifc time zone value if you want to utilize time zone support.
20220722 15:05:05 DEBUG [main] dao.CustomerDAO CustomerDAO.java125 - java.sql.SQLException: The server time zone value 'GMT Summer Time' is unrecognized or represents more than one time zone. You must configure either the server or JDBC driver (via the 'serverTimezone' configuration property) to use a more specifc time zone value if you want to utilize time zone support.
20220722 15:05:05 ERROR [main] dao.CustomerDAO CustomerDAO.java126 - The server time zone value 'GMT Summer Time' is unrecognized or represents more than one time zone. You must configure either the server or JDBC driver (via the 'serverTimezone' configuration property) to use a more specifc time zone value if you want to utilize time zone support.
20220722 15:05:05 DEBUG [main] utils.DBUtils DBUtils.java67 - java.sql.SQLException: The server time zone value 'GMT Summer Time' is unrecognized or represents more than one time zone. You must configure either the server or JDBC driver (via the 'serverTimezone' configuration property) to use a more specifc time zone value if you want to utilize time zone support.
20220722 15:05:05 DEBUG [main] utils.DBUtils DBUtils.java67 - java.sql.SQLException: The server time zone value 'GMT Summer Time' is unrecognized or represents more than one time zone. You must configure either the server or JDBC driver (via the 'serverTimezone' configuration property) to use a more specifc time zone value if you want to utilize time zone support.
20220722 15:05:05 DEBUG [main] dao.CustomerDAO CustomerDAO.java111 - java.sql.SQLException: The server time zone value 'GMT Summer Time' is unrecognized or represents more than one time zone. You must configure either the server or JDBC driver (via the 'serverTimezone' configuration property) to use a more specifc time zone value if you want to utilize time zone support.
20220722 15:05:05 ERROR [main] dao.CustomerDAO CustomerDAO.java112 - The server time zone value 'GMT Summer Time' is unrecognized or represents more than one time zone. You must configure either the server or JDBC driver (via the 'serverTimezone' configuration property) to use a more specifc time zone value if you want to utilize time zone support.
20220722 15:05:05 DEBUG [main] utils.DBUtils DBUtils.java67 - java.sql.SQLException: The server time zone value 'GMT Summer Time' is unrecognized or represents more than one time zone. You must configure either the server or JDBC driver (via the 'serverTimezone' configuration property) to use a more specifc time zone value if you want to utilize time zone support.
20220722 15:05:05 DEBUG [main] utils.DBUtils DBUtils.java67 - java.sql.SQLException: The server time zone value 'GMT Summer Time' is unrecognized or represents more than one time zone. You must configure either the server or JDBC driver (via the 'serverTimezone' configuration property) to use a more specifc time zone value if you want to utilize time zone support.
20220722 15:05:05 DEBUG [main] dao.ItemDAO ItemDAO.java60 - java.sql.SQLException: The server time zone value 'GMT Summer Time' is unrecognized or represents more than one time zone. You must configure either the server or JDBC driver (via the 'serverTimezone' configuration property) to use a more specifc time zone value if you want to utilize time zone support.
20220722 15:05:05 ERROR [main] dao.ItemDAO ItemDAO.java61 - The server time zone value 'GMT Summer Time' is unrecognized or represents more than one time zone. You must configure either the server or JDBC driver (via the 'serverTimezone' configuration property) to use a more specifc time zone value if you want to utilize time zone support.
20220722 15:05:05 DEBUG [main] utils.DBUtils DBUtils.java67 - java.sql.SQLException: The server time zone value 'GMT Summer Time' is unrecognized or represents more than one time zone. You must configure either the server or JDBC driver (via the 'serverTimezone' configuration property) to use a more specifc time zone value if you want to utilize time zone support.
20220722 15:05:06 DEBUG [main] utils.DBUtils DBUtils.java67 - java.sql.SQLException: The server time zone value 'GMT Summer Time' is unrecognized or represents more than one time zone. You must configure either the server or JDBC driver (via the 'serverTimezone' configuration property) to use a more specifc time zone value if you want to utilize time zone support.
20220722 15:05:06 DEBUG [main] dao.ItemDAO ItemDAO.java47 - java.sql.SQLException: The server time zone value 'GMT Summer Time' is unrecognized or represents more than one time zone. You must configure either the server or JDBC driver (via the 'serverTimezone' configuration property) to use a more specifc time zone value if you want to utilize time zone support.
20220722 15:05:06 ERROR [main] dao.ItemDAO ItemDAO.java48 - The server time zone value 'GMT Summer Time' is unrecognized or represents more than one time zone. You must configure either the server or JDBC driver (via the 'serverTimezone' configuration property) to use a more specifc time zone value if you want to utilize time zone support.
20220722 15:05:06 DEBUG [main] utils.DBUtils DBUtils.java67 - java.sql.SQLException: The server time zone value 'GMT Summer Time' is unrecognized or represents more than one time zone. You must configure either the server or JDBC driver (via the 'serverTimezone' configuration property) to use a more specifc time zone value if you want to utilize time zone support.
20220722 15:05:06 DEBUG [main] utils.DBUtils DBUtils.java67 - java.sql.SQLException: The server time zone value 'GMT Summer Time' is unrecognized or represents more than one time zone. You must configure either the server or JDBC driver (via the 'serverTimezone' configuration property) to use a more specifc time zone value if you want to utilize time zone support.
20220722 15:05:06 DEBUG [main] dao.ItemDAO ItemDAO.java31 - java.sql.SQLException: The server time zone value 'GMT Summer Time' is unrecognized or represents more than one time zone. You must configure either the server or JDBC driver (via the 'serverTimezone' configuration property) to use a more specifc time zone value if you want to utilize time zone support.
20220722 15:05:06 ERROR [main] dao.ItemDAO ItemDAO.java32 - The server time zone value 'GMT Summer Time' is unrecognized or represents more than one time zone. You must configure either the server or JDBC driver (via the 'serverTimezone' configuration property) to use a more specifc time zone value if you want to utilize time zone support.
20220722 15:05:06 DEBUG [main] utils.DBUtils DBUtils.java67 - java.sql.SQLException: The server time zone value 'GMT Summer Time' is unrecognized or represents more than one time zone. You must configure either the server or JDBC driver (via the 'serverTimezone' configuration property) to use a more specifc time zone value if you want to utilize time zone support.
20220722 15:05:06 DEBUG [main] utils.DBUtils DBUtils.java67 - java.sql.SQLException: The server time zone value 'GMT Summer Time' is unrecognized or represents more than one time zone. You must configure either the server or JDBC driver (via the 'serverTimezone' configuration property) to use a more specifc time zone value if you want to utilize time zone support.
20220722 15:05:06 DEBUG [main] dao.ItemDAO ItemDAO.java76 - java.sql.SQLException: The server time zone value 'GMT Summer Time' is unrecognized or represents more than one time zone. You must configure either the server or JDBC driver (via the 'serverTimezone' configuration property) to use a more specifc time zone value if you want to utilize time zone support.
20220722 15:05:06 ERROR [main] dao.ItemDAO ItemDAO.java77 - The server time zone value 'GMT Summer Time' is unrecognized or represents more than one time zone. You must configure either the server or JDBC driver (via the 'serverTimezone' configuration property) to use a more specifc time zone value if you want to utilize time zone support.
20220722 15:05:06 DEBUG [main] utils.DBUtils DBUtils.java67 - java.sql.SQLException: The server time zone value 'GMT Summer Time' is unrecognized or represents more than one time zone. You must configure either the server or JDBC driver (via the 'serverTimezone' configuration property) to use a more specifc time zone value if you want to utilize time zone support.
20220722 15:05:06 DEBUG [main] utils.DBUtils DBUtils.java67 - java.sql.SQLException: The server time zone value 'GMT Summer Time' is unrecognized or represents more than one time zone. You must configure either the server or JDBC driver (via the 'serverTimezone' configuration property) to use a more specifc time zone value if you want to utilize time zone support.
20220722 15:05:06 DEBUG [main] dao.ItemDAO ItemDAO.java106 - java.sql.SQLException: The server time zone value 'GMT Summer Time' is unrecognized or represents more than one time zone. You must configure either the server or JDBC driver (via the 'serverTimezone' configuration property) to use a more specifc time zone value if you want to utilize time zone support.
20220722 15:05:06 ERROR [main] dao.ItemDAO ItemDAO.java107 - The server time zone value 'GMT Summer Time' is unrecognized or represents more than one time zone. You must configure either the server or JDBC driver (via the 'serverTimezone' configuration property) to use a more specifc time zone value if you want to utilize time zone support.
20220722 15:05:06 DEBUG [main] utils.DBUtils DBUtils.java67 - java.sql.SQLException: The server time zone value 'GMT Summer Time' is unrecognized or represents more than one time zone. You must configure either the server or JDBC driver (via the 'serverTimezone' configuration property) to use a more specifc time zone value if you want to utilize time zone support.
20220722 15:05:06 DEBUG [main] utils.DBUtils DBUtils.java67 - java.sql.SQLException: The server time zone value 'GMT Summer Time' is unrecognized or represents more than one time zone. You must configure either the server or JDBC driver (via the 'serverTimezone' configuration property) to use a more specifc time zone value if you want to utilize time zone support.
20220722 15:05:06 DEBUG [main] dao.ItemDAO ItemDAO.java93 - java.sql.SQLException: The server time zone value 'GMT Summer Time' is unrecognized or represents more than one time zone. You must configure either the server or JDBC driver (via the 'serverTimezone' configuration property) to use a more specifc time zone value if you want to utilize time zone support.
20220722 15:05:06 ERROR [main] dao.ItemDAO ItemDAO.java94 - The server time zone value 'GMT Summer Time' is unrecognized or represents more than one time zone. You must configure either the server or JDBC driver (via the 'serverTimezone' configuration property) to use a more specifc time zone value if you want to utilize time zone support.
20220722 15:05:06 DEBUG [main] utils.DBUtils DBUtils.java67 - java.sql.SQLException: The server time zone value 'GMT Summer Time' is unrecognized or represents more than one time zone. You must configure either the server or JDBC driver (via the 'serverTimezone' configuration property) to use a more specifc time zone value if you want to utilize time zone support.
20220722 15:05:06 DEBUG [main] utils.DBUtils DBUtils.java67 - java.sql.SQLException: The server time zone value 'GMT Summer Time' is unrecognized or represents more than one time zone. You must configure either the server or JDBC driver (via the 'serverTimezone' configuration property) to use a more specifc time zone value if you want to utilize time zone support.
20220722 15:05:06 DEBUG [main] dao.OrderDAO OrderDAO.java60 - java.sql.SQLException: The server time zone value 'GMT Summer Time' is unrecognized or represents more than one time zone. You must configure either the server or JDBC driver (via the 'serverTimezone' configuration property) to use a more specifc time zone value if you want to utilize time zone support.
20220722 15:05:06 ERROR [main] dao.OrderDAO OrderDAO.java61 - The server time zone value 'GMT Summer Time' is unrecognized or represents more than one time zone. You must configure either the server or JDBC driver (via the 'serverTimezone' configuration property) to use a more specifc time zone value if you want to utilize time zone support.
20220722 15:05:06 DEBUG [main] utils.DBUtils DBUtils.java67 - java.sql.SQLException: The server time zone value 'GMT Summer Time' is unrecognized or represents more than one time zone. You must configure either the server or JDBC driver (via the 'serverTimezone' configuration property) to use a more specifc time zone value if you want to utilize time zone support.
20220722 15:05:06 DEBUG [main] utils.DBUtils DBUtils.java67 - java.sql.SQLException: The server time zone value 'GMT Summer Time' is unrecognized or represents more than one time zone. You must configure either the server or JDBC driver (via the 'serverTimezone' configuration property) to use a more specifc time zone value if you want to utilize time zone support.
20220722 15:05:06 DEBUG [main] dao.OrderDAO OrderDAO.java47 - java.sql.SQLException: The server time zone value 'GMT Summer Time' is unrecognized or represents more than one time zone. You must configure either the server or JDBC driver (via the 'serverTimezone' configuration property) to use a more specifc time zone value if you want to utilize time zone support.
20220722 15:05:06 ERROR [main] dao.OrderDAO OrderDAO.java48 - The server time zone value 'GMT Summer Time' is unrecognized or represents more than one time zone. You must configure either the server or JDBC driver (via the 'serverTimezone' configuration property) to use a more specifc time zone value if you want to utilize time zone support.
20220722 15:05:06 DEBUG [main] utils.DBUtils DBUtils.java67 - java.sql.SQLException: The server time zone value 'GMT Summer Time' is unrecognized or represents more than one time zone. You must configure either the server or JDBC driver (via the 'serverTimezone' configuration property) to use a more specifc time zone value if you want to utilize time zone support.
20220722 15:05:06 DEBUG [main] utils.DBUtils DBUtils.java67 - java.sql.SQLException: The server time zone value 'GMT Summer Time' is unrecognized or represents more than one time zone. You must configure either the server or JDBC driver (via the 'serverTimezone' configuration property) to use a more specifc time zone value if you want to utilize time zone support.
20220722 15:05:06 DEBUG [main] dao.OrderDAO OrderDAO.java31 - java.sql.SQLException: The server time zone value 'GMT Summer Time' is unrecognized or represents more than one time zone. You must configure either the server or JDBC driver (via the 'serverTimezone' configuration property) to use a more specifc time zone value if you want to utilize time zone support.
20220722 15:05:06 ERROR [main] dao.OrderDAO OrderDAO.java32 - The server time zone value 'GMT Summer Time' is unrecognized or represents more than one time zone. You must configure either the server or JDBC driver (via the 'serverTimezone' configuration property) to use a more specifc time zone value if you want to utilize time zone support.
20220722 15:05:06 DEBUG [main] utils.DBUtils DBUtils.java67 - java.sql.SQLException: The server time zone value 'GMT Summer Time' is unrecognized or represents more than one time zone. You must configure either the server or JDBC driver (via the 'serverTimezone' configuration property) to use a more specifc time zone value if you want to utilize time zone support.
20220722 15:05:06 DEBUG [main] utils.DBUtils DBUtils.java67 - java.sql.SQLException: The server time zone value 'GMT Summer Time' is unrecognized or represents more than one time zone. You must configure either the server or JDBC driver (via the 'serverTimezone' configuration property) to use a more specifc time zone value if you want to utilize time zone support.
20220722 15:05:06 DEBUG [main] dao.OrderDAO OrderDAO.java78 - java.sql.SQLException: The server time zone value 'GMT Summer Time' is unrecognized or represents more than one time zone. You must configure either the server or JDBC driver (via the 'serverTimezone' configuration property) to use a more specifc time zone value if you want to utilize time zone support.
20220722 15:05:06 ERROR [main] dao.OrderDAO OrderDAO.java79 - The server time zone value 'GMT Summer Time' is unrecognized or represents more than one time zone. You must configure either the server or JDBC driver (via the 'serverTimezone' configuration property) to use a more specifc time zone value if you want to utilize time zone support.
20220722 15:05:06 DEBUG [main] utils.DBUtils DBUtils.java67 - java.sql.SQLException: The server time zone value 'GMT Summer Time' is unrecognized or represents more than one time zone. You must configure either the server or JDBC driver (via the 'serverTimezone' configuration property) to use a more specifc time zone value if you want to utilize time zone support.
20220722 15:05:06 DEBUG [main] utils.DBUtils DBUtils.java67 - java.sql.SQLException: The server time zone value 'GMT Summer Time' is unrecognized or represents more than one time zone. You must configure either the server or JDBC driver (via the 'serverTimezone' configuration property) to use a more specifc time zone value if you want to utilize time zone support.
20220722 15:05:06 DEBUG [main] dao.OrderDAO OrderDAO.java110 - java.sql.SQLException: The server time zone value 'GMT Summer Time' is unrecognized or represents more than one time zone. You must configure either the server or JDBC driver (via the 'serverTimezone' configuration property) to use a more specifc time zone value if you want to utilize time zone support.
20220722 15:05:06 ERROR [main] dao.OrderDAO OrderDAO.java111 - The server time zone value 'GMT Summer Time' is unrecognized or represents more than one time zone. You must configure either the server or JDBC driver (via the 'serverTimezone' configuration property) to use a more specifc time zone value if you want to utilize time zone support.
20220722 15:05:06 DEBUG [main] utils.DBUtils DBUtils.java67 - java.sql.SQLException: The server time zone value 'GMT Summer Time' is unrecognized or represents more than one time zone. You must configure either the server or JDBC driver (via the 'serverTimezone' configuration property) to use a more specifc time zone value if you want to utilize time zone support.
20220722 15:05:06 DEBUG [main] utils.DBUtils DBUtils.java67 - java.sql.SQLException: The server time zone value 'GMT Summer Time' is unrecognized or represents more than one time zone. You must configure either the server or JDBC driver (via the 'serverTimezone' configuration property) to use a more specifc time zone value if you want to utilize time zone support.
20220722 15:05:06 DEBUG [main] dao.OrderDAO OrderDAO.java97 - java.sql.SQLException: The server time zone value 'GMT Summer Time' is unrecognized or represents more than one time zone. You must configure either the server or JDBC driver (via the 'serverTimezone' configuration property) to use a more specifc time zone value if you want to utilize time zone support.
20220722 15:05:06 ERROR [main] dao.OrderDAO OrderDAO.java98 - The server time zone value 'GMT Summer Time' is unrecognized or represents more than one time zone. You must configure either the server or JDBC driver (via the 'serverTimezone' configuration property) to use a more specifc time zone value if you want to utilize time zone support.
20220722 15:05:06 DEBUG [main] utils.DBUtils DBUtils.java67 - java.sql.SQLException: The server time zone value 'GMT Summer Time' is unrecognized or represents more than one time zone. You must configure either the server or JDBC driver (via the 'serverTimezone' configuration property) to use a more specifc time zone value if you want to utilize time zone support.
20220722 15:05:06 DEBUG [main] utils.DBUtils DBUtils.java67 - java.sql.SQLException: The server time zone value 'GMT Summer Time' is unrecognized or represents more than one time zone. You must configure either the server or JDBC driver (via the 'serverTimezone' configuration property) to use a more specifc time zone value if you want to utilize time zone support.
20220722 15:05:06 DEBUG [main] dao.OrderDAO OrderDAO.java31 - java.sql.SQLException: The server time zone value 'GMT Summer Time' is unrecognized or represents more than one time zone. You must configure either the server or JDBC driver (via the 'serverTimezone' configuration property) to use a more specifc time zone value if you want to utilize time zone support.
20220722 15:05:06 ERROR [main] dao.OrderDAO OrderDAO.java32 - The server time zone value 'GMT Summer Time' is unrecognized or represents more than one time zone. You must configure either the server or JDBC driver (via the 'serverTimezone' configuration property) to use a more specifc time zone value if you want to utilize time zone support.
